  main.cpp
c:\users\mateeusz\source\repos\platformsfml\platformsfml\cscreen.h(2): warning C4067: nieoczekiwane tokeny występujące po dyrektywie preprocesora - oczekiwano nowego wiersza
c:\users\mateeusz\source\repos\platformsfml\platformsfml\screen_0.hpp(103): warning C4244: "inicjowanie": konwersja z "T" do "int", możliwa utrata danych
          with
          [
              T=float
          ]
c:\users\mateeusz\source\repos\platformsfml\platformsfml\screen_0.hpp(104): warning C4244: "argument": konwersja z "T" do "int", możliwa utrata danych
          with
          [
              T=float
          ]
c:\users\mateeusz\source\repos\platformsfml\platformsfml\screen_0.hpp(138): warning C4018: "<": niezgodność typu ze znakiem/bez znaku
c:\users\mateeusz\source\repos\platformsfml\platformsfml\screen_0.hpp(140): warning C4244: "inicjowanie": konwersja z "T" do "int", możliwa utrata danych
          with
          [
              T=float
          ]
c:\users\mateeusz\source\repos\platformsfml\platformsfml\screen_0.hpp(141): warning C4244: "inicjowanie": konwersja z "T" do "int", możliwa utrata danych
          with
          [
              T=float
          ]
c:\users\mateeusz\source\repos\platformsfml\platformsfml\screen_0.hpp(183): warning C4018: "<": niezgodność typu ze znakiem/bez znaku
c:\users\mateeusz\source\repos\platformsfml\platformsfml\screen_0.hpp(216): warning C4018: "<": niezgodność typu ze znakiem/bez znaku
c:\users\mateeusz\source\repos\platformsfml\platformsfml\screen_0.hpp(221): warning C4018: "<": niezgodność typu ze znakiem/bez znaku
c:\users\mateeusz\source\repos\platformsfml\platformsfml\screen_0.hpp(235): warning C4018: "<": niezgodność typu ze znakiem/bez znaku
c:\users\mateeusz\source\repos\platformsfml\platformsfml\main.cpp(16): warning C4244: "argument": konwersja z "time_t" do "unsigned int", możliwa utrata danych
  PlatformSFML.vcxproj -> C:\Users\Mateeusz\source\repos\PlatformSFML\Debug\PlatformSFML.exe
